<?xml version="1.0" encoding="UTF-8"?>
<!-- Generated by org.testng.reporters.JUnitReportReporter -->
<testsuite hostname="AysunPC" failures="0" tests="2" name="testcases.tests.SearchProduct" time="13.219" errors="0" timestamp="2024-02-02T23:19:37 EET" skipped="0">
  <testcase classname="testcases.tests.SearchProduct" name="searchProduct" time="9.325"/>
  <system-out/>
  <testcase classname="testcases.tests.SearchProduct" name="checkBrokenLinks" time="3.894"/>
  <system-out/>
</testsuite> <!-- testcases.tests.SearchProduct -->
