<?xml version="1.0" encoding="UTF-8"?>
<!-- Generated by org.testng.reporters.JUnitReportReporter -->
<testsuite hostname="AysunPC" failures="0" tests="2" name="testcases.tests.Logout" time="5.069" errors="0" timestamp="2024-02-02T23:19:37 EET" skipped="0">
  <testcase classname="testcases.tests.Logout" name="logout" time="0.499"/>
  <system-out/>
  <testcase classname="testcases.tests.Logout" name="checkBrokenLinks" time="4.570"/>
  <system-out/>
</testsuite> <!-- testcases.tests.Logout -->
