<?xml version="1.0" encoding="UTF-8"?>
<!-- Generated by org.testng.reporters.JUnitReportReporter -->
<testsuite hostname="AysunPC" failures="0" tests="1" name="testcases.tests.BaseTest" time="7.513" errors="0" timestamp="2024-02-02T00:19:06 EET" skipped="0">
  <testcase classname="testcases.tests.BaseTest" name="checkBrokenLinks" time="7.513"/>
  <system-out/>
</testsuite> <!-- testcases.tests.BaseTest -->
