<?xml version="1.0" encoding="UTF-8"?>
<!-- Generated by org.testng.reporters.JUnitReportReporter -->
<testsuite hostname="AysunPC" failures="0" tests="4" name="testcases.tests.ProductsInCart" time="26.357" errors="0" timestamp="2024-02-02T23:19:37 EET" skipped="0">
  <testcase classname="testcases.tests.ProductsInCart" name="removeProductsInCart" time="1.709"/>
  <system-out/>
  <testcase classname="testcases.tests.ProductsInCart" name="addProducts" time="11.692"/>
  <system-out/>
  <testcase classname="testcases.tests.ProductsInCart" name="checkBrokenLinks" time="3.221"/>
  <system-out/>
  <testcase classname="testcases.tests.ProductsInCart" name="addRecommendedProductsInCart" time="9.735"/>
  <system-out/>
</testsuite> <!-- testcases.tests.ProductsInCart -->
