<?xml version="1.0" encoding="UTF-8"?>
<!-- Generated by org.testng.reporters.JUnitReportReporter -->
<testsuite hostname="AysunPC" failures="0" tests="1" name="testcases.tests.AddProductsInCart" time="10.049" errors="0" timestamp="2024-01-25T23:44:23 EET" skipped="0">
  <testcase classname="testcases.tests.AddProductsInCart" name="addProducts" time="10.049"/>
  <system-out/>
</testsuite> <!-- testcases.tests.AddProductsInCart -->
