<?xml version="1.0" encoding="UTF-8"?>
<!-- Generated by org.testng.reporters.JUnitReportReporter -->
<testsuite hostname="AysunPC" failures="0" tests="4" name="testcases.tests.LoginUser" time="20.407" errors="0" timestamp="2024-01-25T23:44:23 EET" skipped="0">
  <testcase classname="testcases.tests.LoginUser" name="loginUser" time="3.753"/>
  <system-out/>
  <testcase classname="testcases.tests.LoginUser" name="loginUser" time="7.898"/>
  <system-out/>
  <testcase classname="testcases.tests.LoginUser" name="loginUser" time="5.125"/>
  <system-out/>
  <testcase classname="testcases.tests.LoginUser" name="loginUser" time="3.631"/>
  <system-out/>
</testsuite> <!-- testcases.tests.LoginUser -->
