<?xml version="1.0" encoding="UTF-8"?>
<!-- Generated by org.testng.reporters.JUnitReportReporter -->
<testsuite hostname="AysunPC" failures="0" tests="3" name="testcases.tests.PlaceOrder" time="49.278" errors="0" timestamp="2024-02-02T23:19:37 EET" skipped="0">
  <testcase classname="testcases.tests.PlaceOrder" name="registerWhileCheckout" time="19.987"/>
  <system-out/>
  <testcase classname="testcases.tests.PlaceOrder" name="loginWhileCheckout" time="24.930"/>
  <system-out/>
  <testcase classname="testcases.tests.PlaceOrder" name="checkBrokenLinks" time="4.361"/>
  <system-out/>
</testsuite> <!-- testcases.tests.PlaceOrder -->
