<?xml version="1.0" encoding="UTF-8"?>
<!-- Generated by org.testng.reporters.JUnitReportReporter -->
<testsuite hostname="AysunPC" failures="0" tests="3" name="testcases.tests.RegisterUser" time="18.987" errors="0" timestamp="2024-02-02T23:19:37 EET" skipped="0">
  <testcase classname="testcases.tests.RegisterUser" name="signUp" time="4.911"/>
  <system-out/>
  <testcase classname="testcases.tests.RegisterUser" name="visibleVerify" time="8.319"/>
  <system-out/>
  <testcase classname="testcases.tests.RegisterUser" name="checkBrokenLinks" time="5.757"/>
  <system-out/>
</testsuite> <!-- testcases.tests.RegisterUser -->
