<?xml version="1.0" encoding="UTF-8"?>
<!-- Generated by org.testng.reporters.JUnitReportReporter -->
<testsuite hostname="AysunPC" failures="0" tests="1" name="testcases.tests.Logout" time="0.488" errors="0" timestamp="2024-01-25T23:44:23 EET" skipped="0">
  <testcase classname="testcases.tests.Logout" name="logout" time="0.488"/>
  <system-out/>
</testsuite> <!-- testcases.tests.Logout -->
