<?xml version="1.0" encoding="UTF-8"?>
<!-- Generated by org.testng.reporters.JUnitReportReporter -->
<testsuite hostname="AysunPC" failures="0" tests="2" name="testcases.tests.RegisterUser" time="10.367" errors="0" timestamp="2024-01-17T01:12:03 EET" skipped="0">
  <testcase classname="testcases.tests.RegisterUser" name="visibleVerify" time="2.509"/>
  <system-out/>
  <testcase classname="testcases.tests.RegisterUser" name="signUp" time="7.858"/>
  <system-out/>
</testsuite> <!-- testcases.tests.RegisterUser -->
