<?xml version="1.0" encoding="UTF-8"?>
<!-- Generated by org.testng.reporters.JUnitReportReporter -->
<testsuite hostname="AysunPC" failures="0" tests="2" name="testcases.tests.DeleteAccount" time="5.104" errors="0" timestamp="2024-02-02T23:19:37 EET" skipped="0">
  <testcase classname="testcases.tests.DeleteAccount" name="checkBrokenLinks" time="3.699"/>
  <system-out/>
  <testcase classname="testcases.tests.DeleteAccount" name="deleteAccount" time="1.405"/>
  <system-out/>
</testsuite> <!-- testcases.tests.DeleteAccount -->
