<?xml version="1.0" encoding="UTF-8"?>
<!-- Generated by org.testng.reporters.JUnitReportReporter -->
<testsuite hostname="AysunPC" failures="0" tests="2" name="TestCases.TestCases.tests.RegisterUser" time="11.315" errors="0" timestamp="2024-01-17T00:12:37 EET" skipped="0">
  <testcase classname="TestCases.TestCases.tests.RegisterUser" name="signUp" time="8.731"/>
  <system-out/>
  <testcase classname="TestCases.TestCases.tests.RegisterUser" name="visibleVerify" time="2.584"/>
  <system-out/>
</testsuite> <!-- TestCases.TestCases.tests.RegisterUser -->
