<?xml version="1.0" encoding="UTF-8"?>
<!-- Generated by org.testng.reporters.JUnitReportReporter -->
<testsuite hostname="AysunPC" failures="0" tests="2" name="testcases.tests.RegisterUser" time="11.544" errors="0" timestamp="2024-01-25T23:44:23 EET" skipped="0">
  <testcase classname="testcases.tests.RegisterUser" name="signUp" time="8.843"/>
  <system-out/>
  <testcase classname="testcases.tests.RegisterUser" name="visibleVerify" time="2.701"/>
  <system-out/>
</testsuite> <!-- testcases.tests.RegisterUser -->
