<?xml version="1.0" encoding="UTF-8"?>
<!-- Generated by org.testng.reporters.JUnitReportReporter -->
<testsuite hostname="AysunPC" failures="0" tests="4" name="testcases.tests.ProductList" time="27.348" errors="0" timestamp="2024-02-02T23:19:37 EET" skipped="0">
  <testcase classname="testcases.tests.ProductList" name="viewProducts" time="7.972"/>
  <system-out/>
  <testcase classname="testcases.tests.ProductList" name="viewCategoryProducts" time="8.350"/>
  <system-out/>
  <testcase classname="testcases.tests.ProductList" name="viewBrandsProducts" time="7.810"/>
  <system-out/>
  <testcase classname="testcases.tests.ProductList" name="checkBrokenLinks" time="3.216"/>
  <system-out/>
</testsuite> <!-- testcases.tests.ProductList -->
