<?xml version="1.0" encoding="UTF-8"?>
<!-- Generated by org.testng.reporters.JUnitReportReporter -->
<testsuite hostname="AysunPC" failures="0" tests="1" name="TestCases.TestCases.tests.DeleteAccount" time="3.472" errors="0" timestamp="2024-01-17T00:12:37 EET" skipped="0">
  <testcase classname="TestCases.TestCases.tests.DeleteAccount" name="deleteAccount" time="3.472"/>
  <system-out/>
</testsuite> <!-- TestCases.TestCases.tests.DeleteAccount -->
