<?xml version="1.0" encoding="UTF-8"?>
<!-- Generated by org.testng.reporters.JUnitReportReporter -->
<testsuite hostname="AysunPC" failures="0" tests="3" name="testcases.tests.LoginUser" time="15.262" errors="0" timestamp="2024-02-02T23:19:37 EET" skipped="0">
  <testcase classname="testcases.tests.LoginUser" name="loginUser" time="6.763"/>
  <system-out/>
  <testcase classname="testcases.tests.LoginUser" name="checkBrokenLinks" time="3.320"/>
  <system-out/>
  <testcase classname="testcases.tests.LoginUser" name="loginUser" time="5.179"/>
  <system-out/>
</testsuite> <!-- testcases.tests.LoginUser -->
